<?xml version="1.0" encoding="UTF-8" ?>
<testsuites>
 <testsuite name="E2E.Course Export" timestamp="2017-09-06T13:08:43" hostname="localhost" time="128.249" errors="0" tests="1" skipped="0" disabled="0" failures="0">
  <testcase classname="E2E.Course Export" name="should let an instructor export a course PTID=281" time="128.246" />
 </testsuite>
</testsuites>