<?xml version="1.0" encoding="UTF-8" ?>
<testsuites>
 <testsuite name="E2E.The base page" timestamp="2017-09-06T13:05:50" hostname="localhost" time="8.41" errors="0" tests="1" skipped="0" disabled="0" failures="0">
  <testcase classname="E2E.The base page" name="allows the user to navigate to the base pages (#avalon #shaky) PTID=4" time="8.405" />
 </testsuite>
</testsuites>