<?xml version="1.0" encoding="UTF-8" ?>
<testsuites>
 <testsuite name="E2E.The assessment and rubric integration" timestamp="2017-09-06T13:06:31" hostname="localhost" time="249.854" errors="0" tests="6" skipped="0" disabled="0" failures="0">
  <testcase classname="E2E.The assessment and rubric integration" name="allows the instructor to create a new rubric from the assessment panel PTID=291" time="15.082" />
  <testcase classname="E2E.The assessment and rubric integration" name="prevents the instructor from editing a rubric that has been used for grading PTID=298" time="11.616" />
  <testcase classname="E2E.The assessment and rubric integration" name="allows the instructor to associate a rubric with a no question test that has been graded PTID=300" time="10.405" />
  <testcase classname="E2E.The assessment and rubric integration" name="allows the instructor to edit a rubric evaluation PTID=292" time="9.506" />
  <testcase classname="E2E.The assessment and rubric integration" name="copies no question tests between courses PTID=293" time="68.638" />
  <testcase classname="E2E.The assessment and rubric integration" name="export then import no question tests between courses PTID=299" time="134.601" />
 </testsuite>
</testsuites>