<?xml version="1.0" encoding="UTF-8" ?>
<testsuites>
 <testsuite name="E2E.Course Copy" timestamp="2017-09-06T13:07:09" hostname="localhost" time="69.161" errors="0" tests="2" skipped="1" disabled="0" failures="0">
  <testcase classname="E2E.Course Copy" name="should let an instructor copy all contents from a classic course to an Ultra course (#quarantine) PTID=285" time="0.002">
   <skipped />
  </testcase>
  <testcase classname="E2E.Course Copy" name="should let an instructor copy all contents from a course to an Ultra course PTID=284" time="69.155" />
 </testsuite>
</testsuites>