<?xml version="1.0" encoding="UTF-8" ?>
<testsuites>
 <testsuite name="E2E.The admin page" timestamp="2017-09-06T13:05:48" hostname="localhost" time="4.69" errors="0" tests="1" skipped="0" disabled="0" failures="0">
  <testcase classname="E2E.The admin page" name="should close using close link PTID=304" time="4.686" />
 </testsuite>
</testsuites>