<?xml version="1.0" encoding="UTF-8" ?>
<testsuites>
 <testsuite name="E2E.The layers" timestamp="2017-09-06T13:05:48" hostname="localhost" time="9.252" errors="0" tests="1" skipped="0" disabled="0" failures="0">
  <testcase classname="E2E.The layers" name="should let the user navigate panels PTID=349" time="9.249" />
 </testsuite>
</testsuites>