<?xml version="1.0" encoding="UTF-8" ?>
<testsuites>
 <testsuite name="E2E.The base messages page" timestamp="2017-09-06T13:05:49" hostname="localhost" time="27.529" errors="0" tests="3" skipped="0" disabled="0" failures="0">
  <testcase classname="E2E.The base messages page" name="should let the user create and delete a message (#avalon #shaky) PTID=350" time="9.143" />
  <testcase classname="E2E.The base messages page" name="should let the user view a list of messages PTID=351" time="10.574" />
  <testcase classname="E2E.The base messages page" name="should let the conversation that has unread message show before which all messages are read PTID=719" time="7.81" />
 </testsuite>
</testsuites>