<?xml version="1.0" encoding="UTF-8" ?>
<testsuites>
 <testsuite name="E2E.The assessment and rubric integration for students" timestamp="2017-09-06T13:06:34" hostname="localhost" time="30.292" errors="0" tests="3" skipped="0" disabled="0" failures="0">
  <testcase classname="E2E.The assessment and rubric integration for students" name="allows students to view the rubric before taking the test PTID=294" time="8.232" />
  <testcase classname="E2E.The assessment and rubric integration for students" name="allows the student to view the rubric while taking the test PTID=295" time="10.374" />
  <testcase classname="E2E.The assessment and rubric integration for students" name="allows students to view the rubric after it has been graded PTID=296" time="11.682" />
 </testsuite>
</testsuites>