<?xml version="1.0" encoding="UTF-8" ?>
<testsuites>
 <testsuite name="E2E.A goal alignment" timestamp="2017-09-06T13:10:03" hostname="localhost" time="94.781" errors="0" tests="6" skipped="0" disabled="0" failures="0">
  <testcase classname="E2E.A goal alignment" name="on question can be aligned by instructor PTID=147" time="12.473" />
  <testcase classname="E2E.A goal alignment" name="on question can be edited by instructor PTID=149" time="13.262" />
  <testcase classname="E2E.A goal alignment" name="on question can be viewed by student PTID=148" time="9.978" />
  <testcase classname="E2E.A goal alignment" name="with assessment can be aligned by instructor PTID=144" time="11.945" />
  <testcase classname="E2E.A goal alignment" name="with assessment can be edited by instructor PTID=146" time="12.163" />
  <testcase classname="E2E.A goal alignment" name="with assessment can be viewed by student PTID=145" time="34.951" />
 </testsuite>
</testsuites>