<?xml version="1.0" encoding="UTF-8" ?>
<testsuites>
 <testsuite name="E2E.The course roster page" timestamp="2017-09-06T13:09:57" hostname="localhost" time="30.901" errors="0" tests="2" skipped="0" disabled="0" failures="0">
  <testcase classname="E2E.The course roster page" name="allows instructor to add / remove / modify users in the course PTID=359" time="19.74" />
  <testcase classname="E2E.The course roster page" name="adheres to privacy restrictions when displaying user information PTID=556" time="11.157" />
 </testsuite>
</testsuites>