<?xml version="1.0" encoding="UTF-8" ?>
<testsuites>
 <testsuite name="E2E.The course outline instructor view" timestamp="2017-09-06T13:09:41" hostname="localhost" time="19.087" errors="0" tests="2" skipped="0" disabled="0" failures="0">
  <testcase classname="E2E.The course outline instructor view" name="can make a course open, private or complete PTID=244" time="6.607" />
  <testcase classname="E2E.The course outline instructor view" name="displays visible, hidden, and restricted content correctly PTID=245" time="12.477" />
 </testsuite>
</testsuites>