<?xml version="1.0" encoding="UTF-8" ?>
<testsuites>
 <testsuite name="E2E.The course grades page (as instructor)" timestamp="2017-09-06T13:09:16" hostname="localhost" time="27.927" errors="0" tests="4" skipped="1" disabled="0" failures="0">
  <testcase classname="E2E.The course grades page (as instructor)" name="should display correct column summary status for list view PTID=528" time="9.089" />
  <testcase classname="E2E.The course grades page (as instructor)" name="should open Submissions panel for assessment and Participation &amp; Grades panel for graded discussion PTID=529" time="9.632" />
  <testcase classname="E2E.The course grades page (as instructor)" name="should allow manual grade and feedback to be entered and posted for an offline item (#quarantine) PTID=530" time="0.001">
   <skipped />
  </testcase>
  <testcase classname="E2E.The course grades page (as instructor)" name="can create offline item and delete grade items from list view PTID=531" time="9.201" />
 </testsuite>
</testsuites>