<?xml version="1.0" encoding="UTF-8" ?>
<testsuites>
 <testsuite name="E2E.A folder" timestamp="2017-09-06T13:07:52" hostname="localhost" time="7.123" errors="0" tests="1" skipped="0" disabled="0" failures="0">
  <testcase classname="E2E.A folder" name="can be expanded/ collapsed PTID=246" time="7.12" />
 </testsuite>
</testsuites>