<?xml version="1.0" encoding="UTF-8" ?>
<testsuites>
 <testsuite name="E2E.The overall grade" timestamp="2017-09-06T13:09:18" hostname="localhost" time="42.187" errors="0" tests="4" skipped="0" disabled="0" failures="0">
  <testcase classname="E2E.The overall grade" name="can be created by instructor for course by item PTID=547" time="9.037" />
  <testcase classname="E2E.The overall grade" name="can be created by instructor for course by category PTID=548" time="8.345" />
  <testcase classname="E2E.The overall grade" name="can display on student course grade and click to open student overall grade peek panel PTID=549" time="15.543" />
  <testcase classname="E2E.The overall grade" name="can create a valid calculated column PTID=550" time="9.257" />
 </testsuite>
</testsuites>