<?xml version="1.0" encoding="UTF-8" ?>
<testsuites>
 <testsuite name="E2E.A document item" timestamp="2017-09-06T13:07:15" hostname="localhost" time="136.803" errors="0" tests="11" skipped="1" disabled="0" failures="0">
  <testcase classname="E2E.A document item" name="can be created successfully by instructor PTID=361" time="9.52" />
  <testcase classname="E2E.A document item" name="can be deleted after confirming on the Delete Confirmation modal PTID=364" time="6.446" />
  <testcase classname="E2E.A document item" name="student can interact with document from outline PTID=365" time="5.672" />
  <testcase classname="E2E.A document item" name="can be opened by instructor from course outline PTID=251" time="5.43" />
  <testcase classname="E2E.A document item" name="with conversations can toggle when hidden PTID=366" time="9.362" />
  <testcase classname="E2E.A document item" name="conversation is available to the user if class conversation is on PTID=371" time="7.353" />
  <testcase classname="E2E.A document item" name="file blocks - allows instructors to upload, download and delete files PTID=372" time="46.147" />
  <testcase classname="E2E.A document item" name="file blocks - allows students to download files, but not delete or edit (#quarantine) PTID=373" time="0.001">
   <skipped />
  </testcase>
  <testcase classname="E2E.A document item" name="file blocks - allows instructors to edit image file settings after upload PTID=652" time="14.015" />
  <testcase classname="E2E.A document item" name="text blocks - allows instructors to add, edit, delete and view text blocks PTID=374" time="14.596" />
  <testcase classname="E2E.A document item" name="text blocks - allows students to view text blocks but not edit them PTID=375" time="18.242" />
 </testsuite>
</testsuites>