<?xml version="1.0" encoding="UTF-8" ?>
<testsuites>
 <testsuite name="E2E.A discussion forum insight panel" timestamp="2017-09-06T13:10:03" hostname="localhost" time="19.198" errors="0" tests="1" skipped="0" disabled="0" failures="0">
  <testcase classname="E2E.A discussion forum insight panel" name="will open and allow a users to select the top comment to view a discussion panel PTID=662" time="19.195" />
 </testsuite>
</testsuites>