<?xml version="1.0" encoding="UTF-8" ?>
<testsuites>
 <testsuite name="E2E.Course availability" timestamp="2017-09-06T13:06:00" hostname="localhost" time="31.333" errors="0" tests="6" skipped="0" disabled="0" failures="0">
  <testcase classname="E2E.Course availability" name="student can access an open ultra course (#avalon) PTID=537" time="12.248" />
  <testcase classname="E2E.Course availability" name="student cannot access a private ultra course PTID=538" time="4.314" />
  <testcase classname="E2E.Course availability" name="student can access an open classic course PTID=539" time="5.074" />
  <testcase classname="E2E.Course availability" name="student cannot access a private classic course PTID=540" time="3.007" />
  <testcase classname="E2E.Course availability" name="guest can access an open classic course PTID=541" time="3.882" />
  <testcase classname="E2E.Course availability" name="guest cannot access a private classic course PTID=542" time="2.802" />
 </testsuite>
</testsuites>