<?xml version="1.0" encoding="UTF-8" ?>
<testsuites>
 <testsuite name="E2E.A course with original course view" timestamp="2017-09-06T13:10:02" hostname="localhost" time="5.608" errors="0" tests="1" skipped="0" disabled="0" failures="0">
  <testcase classname="E2E.A course with original course view" name="opens as classic course and cannot be converted PTID=643" time="5.605" />
 </testsuite>
</testsuites>