<?xml version="1.0" encoding="UTF-8" ?>
<testsuites>
 <testsuite name="E2E.The base grades page (as instructor)" timestamp="2017-09-06T13:05:48" hostname="localhost" time="9.799" errors="0" tests="2" skipped="1" disabled="0" failures="0">
  <testcase classname="E2E.The base grades page (as instructor)" name="should display correct column summary status for grade columns (#avalon #shaky) PTID=522" time="9.796" />
  <testcase classname="E2E.The base grades page (as instructor)" name="should open course grade from base grade and open Submission/Grades panel when click on grade columns (#quarantine) PTID=523" time="0">
   <skipped />
  </testcase>
 </testsuite>
</testsuites>