<?xml version="1.0" encoding="UTF-8" ?>
<testsuites>
 <testsuite name="E2E.A rubric" timestamp="2017-09-06T13:09:57" hostname="localhost" time="68.828" errors="0" tests="6" skipped="0" disabled="0" failures="0">
  <testcase classname="E2E.A rubric" name="can be created in the grade center, found in the list, opened, edited, saved and closed PTID=286" time="14.429" />
  <testcase classname="E2E.A rubric" name="can be attached to an assignment that is graded PTID=297" time="11.964" />
  <testcase classname="E2E.A rubric" name="can be removed from an assignment PTID=287" time="8.731" />
  <testcase classname="E2E.A rubric" name="makes an exact copy of the original rubric and opens the edit panel before save PTID=288" time="8.499" />
  <testcase classname="E2E.A rubric" name="removes the rubric association from an assignment PTID=289" time="10.201" />
  <testcase classname="E2E.A rubric" name="can be evaluated on an assignment submission by an instructor PTID=290" time="15.001" />
 </testsuite>
</testsuites>