<?xml version="1.0" encoding="UTF-8" ?>
<testsuites>
 <testsuite name="E2E.The course calendar page for a student who is enrolled in a course" timestamp="2017-09-06T13:06:12" hostname="localhost" time="15.312" errors="0" tests="4" skipped="2" disabled="0" failures="0">
  <testcase classname="E2E.The course calendar page for a student who is enrolled in a course" name="should view an existing event (#defer) PTID=384" time="0.003">
   <skipped />
  </testcase>
  <testcase classname="E2E.The course calendar page for a student who is enrolled in a course" name="should view event for current day PTID=384" time="7.711" />
  <testcase classname="E2E.The course calendar page for a student who is enrolled in a course" name="should view events in Month View (#defer) PTID=384" time="0">
   <skipped />
  </testcase>
  <testcase classname="E2E.The course calendar page for a student who is enrolled in a course" name="should view assignment items in Due Dates PTID=381" time="7.592" />
 </testsuite>
</testsuites>