<?xml version="1.0" encoding="UTF-8" ?>
<testsuites>
 <testsuite name="E2E.A LTI link item" timestamp="2017-09-06T13:07:55" hostname="localhost" time="16.623" errors="0" tests="1" skipped="0" disabled="0" failures="0">
  <testcase classname="E2E.A LTI link item" name="can be associated with a gradable item PTID=655" time="16.621" />
 </testsuite>
</testsuites>