<?xml version="1.0" encoding="UTF-8" ?>
<testsuites>
 <testsuite name="E2E.The profile page" timestamp="2017-09-06T13:05:55" hostname="localhost" time="34.028" errors="0" tests="4" skipped="0" disabled="0" failures="0">
  <testcase classname="E2E.The profile page" name="should let the user edit and save their contact info (#avalon) PTID=352" time="13.952" />
  <testcase classname="E2E.The profile page" name="should let the user change and remove their avatar (#avalon) PTID=353" time="7.671" />
  <testcase classname="E2E.The profile page" name="should let the user change their password PTID=354" time="6.79" />
  <testcase classname="E2E.The profile page" name="should let the user change their language PTID=376" time="5.611" />
 </testsuite>
</testsuites>