<?xml version="1.0" encoding="UTF-8" ?>
<testsuites>
 <testsuite name="E2E.A discussion" timestamp="2017-09-06T13:07:13" hostname="localhost" time="37.097" errors="0" tests="1" skipped="0" disabled="0" failures="0">
  <testcase classname="E2E.A discussion" name="can be created successfully on course outline by an instructor PTID=248" time="37.093" />
 </testsuite>
</testsuites>