<?xml version="1.0" encoding="UTF-8" ?>
<testsuites>
 <testsuite name="E2E.The calendar page for a student who is enrolled in a course" timestamp="2017-09-06T13:05:48" hostname="localhost" time="38.337" errors="0" tests="7" skipped="2" disabled="0" failures="0">
  <testcase classname="E2E.The calendar page for a student who is enrolled in a course" name="should add an personal event PTID=382" time="8.78" />
  <testcase classname="E2E.The calendar page for a student who is enrolled in a course" name="should edit an personal event PTID=389" time="14.213" />
  <testcase classname="E2E.The calendar page for a student who is enrolled in a course" name="should display an existing event from the course calendar (#defer) PTID=383" time="0.001">
   <skipped />
  </testcase>
  <testcase classname="E2E.The calendar page for a student who is enrolled in a course" name="should delete an existing personal event PTID=390" time="6.052" />
  <testcase classname="E2E.The calendar page for a student who is enrolled in a course" name="should view event for current day PTID=383" time="4.403" />
  <testcase classname="E2E.The calendar page for a student who is enrolled in a course" name="should view events in Month View (#defer) PTID=383" time="0">
   <skipped />
  </testcase>
  <testcase classname="E2E.The calendar page for a student who is enrolled in a course" name="should view assignment items in Due Dates PTID=380" time="4.882" />
 </testsuite>
</testsuites>