<?xml version="1.0" encoding="UTF-8" ?>
<testsuites>
 <testsuite name="E2E.A group assessment" timestamp="2017-09-06T13:06:12" hostname="localhost" time="103.938" errors="0" tests="9" skipped="0" disabled="0" failures="0">
  <testcase classname="E2E.A group assessment" name="can be submitted by a student PTID=119" time="13.994" />
  <testcase classname="E2E.A group assessment" name="can be graded by an instructor in group attempt detail page PTID=120" time="15.578" />
  <testcase classname="E2E.A group assessment" name="grade and comment can be viewed by students PTID=121" time="9.22" />
  <testcase classname="E2E.A group assessment" name="can be manually graded by an instructor PTID=428" time="13.627" />
  <testcase classname="E2E.A group assessment" name="can reuse other assessment group PTID=826" time="12.687" />
  <testcase classname="E2E.A group assessment" name="cannot be edit if group has student attempt PTID=830" time="11.707" />
  <testcase classname="E2E.A group assessment" name="cannot change back to individual when student submit attempt PTID=831" time="8.769" />
  <testcase classname="E2E.A group assessment" name="cannot be seen by unassigned student PTID=832" time="4.992" />
  <testcase classname="E2E.A group assessment" name="cannot be edit when instructor grade and post PTID=835" time="13.357" />
 </testsuite>
</testsuites>