<?xml version="1.0" encoding="UTF-8" ?>
<testsuites>
 <testsuite name="E2E.The tools page" timestamp="2017-09-06T13:05:59" hostname="localhost" time="11.186" errors="0" tests="1" skipped="0" disabled="0" failures="0">
  <testcase classname="E2E.The tools page" name="should open all tools PTID=356" time="11.183" />
 </testsuite>
</testsuites>