<?xml version="1.0" encoding="UTF-8" ?>
<testsuites>
 <testsuite name="E2E.On organizations page student should be able to" timestamp="2017-09-06T13:05:54" hostname="localhost" time="4.151" errors="0" tests="1" skipped="0" disabled="0" failures="0">
  <testcase classname="E2E.On organizations page student should be able to" name="access organization PTID=377" time="4.148" />
 </testsuite>
</testsuites>