<?xml version="1.0" encoding="UTF-8" ?>
<testsuites>
 <testsuite name="E2E.The course grades page (as student)" timestamp="2017-09-06T13:08:57" hostname="localhost" time="19.132" errors="0" tests="3" skipped="0" disabled="0" failures="0">
  <testcase classname="E2E.The course grades page (as student)" name="should display due date, score and grade color for grade item (#avalon) PTID=551" time="6.708" />
  <testcase classname="E2E.The course grades page (as student)" name="should not display score which has not been posted PTID=552" time="6.61" />
  <testcase classname="E2E.The course grades page (as student)" name="should be allowed to open attempt peek panel PTID=553" time="5.809" />
 </testsuite>
</testsuites>