<?xml version="1.0" encoding="UTF-8" ?>
<testsuites>
 <testsuite name="E2E.A multiple attempts assessment (student)" timestamp="2017-09-06T13:06:24" hostname="localhost" time="47.578" errors="0" tests="6" skipped="0" disabled="0" failures="0">
  <testcase classname="E2E.A multiple attempts assessment (student)" name="can be saved as a draft by a student PTID=434" time="8.658" />
  <testcase classname="E2E.A multiple attempts assessment (student)" name="can be submitted by a student for x number of attempts PTID=437" time="10.784" />
  <testcase classname="E2E.A multiple attempts assessment (student)" name="only allows a student to submit up to x (max) number of attempts PTID=438" time="8.818" />
  <testcase classname="E2E.A multiple attempts assessment (student)" name="can allow an attempt to reviewed by a student PTID=439" time="6.894" />
  <testcase classname="E2E.A multiple attempts assessment (student)" name="can allow the posted final grade to be reviewed by a student PTID=440" time="6.183" />
  <testcase classname="E2E.A multiple attempts assessment (student)" name="can allow the posted attempt grade to be reviewed by a student PTID=441" time="6.235" />
 </testsuite>
</testsuites>