<?xml version="1.0" encoding="UTF-8" ?>
<testsuites>
 <testsuite name="E2E.The group discussion" timestamp="2017-09-06T13:08:20" hostname="localhost" time="68.826" errors="0" tests="5" skipped="0" disabled="0" failures="0">
  <testcase classname="E2E.The group discussion" name="instructor can create 3 groups by default when a course have 10+ students in discussion PTID=17" time="12.926" />
  <testcase classname="E2E.The group discussion" name="instructor can add comments for a group PTID=18" time="11.003" />
  <testcase classname="E2E.The group discussion" name="student can add comments for his/her own group PTID=19" time="16.333" />
  <testcase classname="E2E.The group discussion" name="student can view his/her own group comments PTID=20" time="6.527" />
  <testcase classname="E2E.The group discussion" name="student should see/not see comments correctly with post first enabled in a group discussion PTID=1061" time="22.034" />
 </testsuite>
</testsuites>