<?xml version="1.0" encoding="UTF-8" ?>
<testsuites>
 <testsuite name="E2E.A file" timestamp="2017-09-06T13:07:30" hostname="localhost" time="23.211" errors="0" tests="2" skipped="0" disabled="0" failures="0">
  <testcase classname="E2E.A file" name="can be uploaded as content to the outline PTID=247" time="11.367" />
  <testcase classname="E2E.A file" name="can be uploaded inside the BbML editor in documents PTID=499" time="11.841" />
 </testsuite>
</testsuites>