<?xml version="1.0" encoding="UTF-8" ?>
<testsuites>
 <testsuite name="E2E.The calendar page for an instructor member of a course" timestamp="2017-09-06T13:05:48" hostname="localhost" time="61.431" errors="0" tests="9" skipped="1" disabled="0" failures="0">
  <testcase classname="E2E.The calendar page for an instructor member of a course" name="should see all courses names on course schedule peek panel PTID=416" time="7.076" />
  <testcase classname="E2E.The calendar page for an instructor member of a course" name="should not input invalid data into start/end date fields PTID=421" time="7.581" />
  <testcase classname="E2E.The calendar page for an instructor member of a course" name="should use today button on day view and month view PTID=417" time="13.712" />
  <testcase classname="E2E.The calendar page for an instructor member of a course" name="should create a new all day repeat event PTID=418" time="8.128" />
  <testcase classname="E2E.The calendar page for an instructor member of a course" name="should edit an existing all day repeat event PTID=419" time="6.661" />
  <testcase classname="E2E.The calendar page for an instructor member of a course" name="should delete an existing all day repeat event PTID=420" time="5.516" />
  <testcase classname="E2E.The calendar page for an instructor member of a course" name="should create a new event (#avalon #shaky #quarantine) PTID=378" time="0.001">
   <skipped />
  </testcase>
  <testcase classname="E2E.The calendar page for an instructor member of a course" name="should edit an existing event PTID=385" time="7.105" />
  <testcase classname="E2E.The calendar page for an instructor member of a course" name="should delete an existing event PTID=386" time="5.644" />
 </testsuite>
</testsuites>