<?xml version="1.0" encoding="UTF-8" ?>
<testsuites>
 <testsuite name="E2E.For the assignment" timestamp="2017-09-06T13:07:58" hostname="localhost" time="56.651" errors="0" tests="6" skipped="0" disabled="0" failures="0">
  <testcase classname="E2E.For the assignment" name="instructor can enable conversation for an assessment PTID=21" time="10.61" />
  <testcase classname="E2E.For the assignment" name="instructor can add a comment in conversation PTID=22" time="10.822" />
  <testcase classname="E2E.For the assignment" name="instructor can disable conversation for an assessment PTID=23" time="9.73" />
  <testcase classname="E2E.For the assignment" name="student can add a comment in conversation PTID=24" time="9.365" />
  <testcase classname="E2E.For the assignment" name="student can delete own comment in conversation PTID=25" time="7.964" />
  <testcase classname="E2E.For the assignment" name="instructor can delete a comment from student in conversation PTID=26" time="8.156" />
 </testsuite>
</testsuites>